<?xml version="1.0" encoding="UTF-8"?>
<testsuite xmlns:xsi="http://www.w3.org/2001/XMLSchema-instance" xsi:noNamespaceSchemaLocation="https://maven.apache.org/surefire/maven-surefire-plugin/xsd/surefire-test-report-3.0.xsd" version="3.0" name="tests.RegisterTest" time="6.01" tests="2" errors="0" skipped="0" failures="0">
  <properties>
[...]
</properties>
  <testcase name="shortPasswordRegistration" classname="tests.RegisterTest" time="2.402">
    <system-err><![CDATA[авг. 18, 2023 10:06:11 AM org.openqa.selenium.remote.service.DriverService$Builder getLogOutput
INFO: Driver logs no longer sent to console by default; https://www.selenium.dev/documentation/webdriver/drivers/service/#setting-log-output
авг. 18, 2023 10:06:12 AM org.openqa.selenium.devtools.CdpVersionFinder findNearestMatch
WARNING: Unable to find an exact match for CDP version 115, so returning the closest version found: 114
]]></system-err>
  </testcase>
  <testcase name="correctRegistration" classname="tests.RegisterTest" time="3.605">
    <system-out><![CDATA[{"success":true,"accessToken":"Bearer eyJhbGciOiJIUzI1NiIsInR5cCI6IkpXVCJ9.eyJpZCI6IjY0ZGYxODY4OWVkMjgwMDAxYjM1NWFmMSIsImlhdCI6MTY5MjM0MjM3NiwiZXhwIjoxNjkyMzQzNTc2fQ.vPtZu2h0fkcOwqBphIf5dWz6cGcFk5p_xqBUECCx5J0","refreshToken":"6a4089af3e596180d3b12999c85d84b1ca24c8ce78daa0b1a88391ad069d645baa5f509b15f0c850","user":{"email":"test@123456.ru","name":"Test"}}Залогин
Дал токен
{"success":true,"message":"User successfully removed"} !!!УДАЛЕНО!!!
]]></system-out>
    <system-err><![CDATA[авг. 18, 2023 10:06:14 AM org.openqa.selenium.remote.service.DriverService$Builder getLogOutput
INFO: Driver logs no longer sent to console by default; https://www.selenium.dev/documentation/webdriver/drivers/service/#setting-log-output
авг. 18, 2023 10:06:15 AM org.openqa.selenium.devtools.CdpVersionFinder findNearestMatch
WARNING: Unable to find an exact match for CDP version 115, so returning the closest version found: 114
]]></system-err>
  </testcase>
</testsuite>